0 info it worked if it ends with ok
1 verbose cli [ 'node',
1 verbose cli   '/usr/local/bin/npm',
1 verbose cli   'install',
1 verbose cli   '-g',
1 verbose cli   'Sublimelinter-jshint' ]
2 info using npm@1.4.14
3 info using node@v0.10.29
4 verbose cache add [ 'Sublimelinter-jshint', null ]
5 verbose cache add name=undefined spec="Sublimelinter-jshint" args=["Sublimelinter-jshint",null]
6 verbose parsed url { protocol: null,
6 verbose parsed url   slashes: null,
6 verbose parsed url   auth: null,
6 verbose parsed url   host: null,
6 verbose parsed url   port: null,
6 verbose parsed url   hostname: null,
6 verbose parsed url   hash: null,
6 verbose parsed url   search: null,
6 verbose parsed url   query: null,
6 verbose parsed url   pathname: 'Sublimelinter-jshint',
6 verbose parsed url   path: 'Sublimelinter-jshint',
6 verbose parsed url   href: 'Sublimelinter-jshint' }
7 silly lockFile a9b3542e-Sublimelinter-jshint Sublimelinter-jshint
8 verbose lock Sublimelinter-jshint /Users/cameronjacoby/.npm/a9b3542e-Sublimelinter-jshint.lock
9 silly lockFile a9b3542e-Sublimelinter-jshint Sublimelinter-jshint
10 silly lockFile a9b3542e-Sublimelinter-jshint Sublimelinter-jshint
11 verbose addNamed [ 'Sublimelinter-jshint', '' ]
12 verbose addNamed [ null, '*' ]
13 silly lockFile e12a6265-Sublimelinter-jshint Sublimelinter-jshint@
14 verbose lock Sublimelinter-jshint@ /Users/cameronjacoby/.npm/e12a6265-Sublimelinter-jshint.lock
15 silly addNameRange { name: 'Sublimelinter-jshint', range: '*', hasData: false }
16 verbose url raw Sublimelinter-jshint
17 verbose url resolving [ 'https://registry.npmjs.org/', './Sublimelinter-jshint' ]
18 verbose url resolved https://registry.npmjs.org/Sublimelinter-jshint
19 info trying registry request attempt 1 at 16:56:50
20 http GET https://registry.npmjs.org/Sublimelinter-jshint
21 http 404 https://registry.npmjs.org/Sublimelinter-jshint
22 verbose headers { date: 'Mon, 11 Aug 2014 23:56:50 GMT',
22 verbose headers   server: 'CouchDB/1.5.0 (Erlang OTP/R16B03)',
22 verbose headers   'content-type': 'application/json',
22 verbose headers   'cache-control': 'max-age=0',
22 verbose headers   'content-length': '52',
22 verbose headers   'accept-ranges': 'bytes',
22 verbose headers   via: '1.1 varnish',
22 verbose headers   age: '0',
22 verbose headers   'x-served-by': 'cache-sjc3122-SJC',
22 verbose headers   'x-cache': 'MISS',
22 verbose headers   'x-cache-hits': '0',
22 verbose headers   'x-timer': 'S1407801410.393167,VS0,VE164',
22 verbose headers   'keep-alive': 'timeout=10, max=50',
22 verbose headers   connection: 'Keep-Alive' }
23 silly registry.get cb [ 404,
23 silly registry.get   { date: 'Mon, 11 Aug 2014 23:56:50 GMT',
23 silly registry.get     server: 'CouchDB/1.5.0 (Erlang OTP/R16B03)',
23 silly registry.get     'content-type': 'application/json',
23 silly registry.get     'cache-control': 'max-age=0',
23 silly registry.get     'content-length': '52',
23 silly registry.get     'accept-ranges': 'bytes',
23 silly registry.get     via: '1.1 varnish',
23 silly registry.get     age: '0',
23 silly registry.get     'x-served-by': 'cache-sjc3122-SJC',
23 silly registry.get     'x-cache': 'MISS',
23 silly registry.get     'x-cache-hits': '0',
23 silly registry.get     'x-timer': 'S1407801410.393167,VS0,VE164',
23 silly registry.get     'keep-alive': 'timeout=10, max=50',
23 silly registry.get     connection: 'Keep-Alive' } ]
24 silly lockFile e12a6265-Sublimelinter-jshint Sublimelinter-jshint@
25 silly lockFile e12a6265-Sublimelinter-jshint Sublimelinter-jshint@
26 error 404 404 Not Found: Sublimelinter-jshint
26 error 404
26 error 404 'Sublimelinter-jshint' is not in the npm registry.
26 error 404 You should bug the author to publish it
26 error 404
26 error 404 Note that you can also install from a
26 error 404 tarball, folder, or http url, or git url.
27 error System Darwin 13.3.0
28 error command "node" "/usr/local/bin/npm" "install" "-g" "Sublimelinter-jshint"
29 error cwd /Users/cameronjacoby/Documents/coding/wdi_course_notes/8_11_14
30 error node -v v0.10.29
31 error npm -v 1.4.14
32 error code E404
33 verbose exit [ 1, true ]
